{
  "stats": {
    "suites": 7,
    "tests": 26,
    "passes": 18,
    "pending": 0,
    "failures": 8,
    "start": "2025-10-16T23:55:15.201Z",
    "end": "2025-10-16T23:57:06.904Z",
    "duration": 111703,
    "testsRegistered": 26,
    "passPercent": 69.23076923076923,
    "pendingPercent": 0,
    "other": 0,
    "hasOther": false,
    "skipped": 0,
    "hasSkipped": false
  },
  "results": [
    {
      "uuid": "40e5cd1c-bdcb-4ce8-9765-397b6d5ab094",
      "title": "",
      "fullFile": "cypress/e2e/register.cy.ts",
      "file": "cypress/e2e/register.cy.ts",
      "beforeHooks": [],
      "afterHooks": [],
      "tests": [],
      "suites": [
        {
          "uuid": "2b952bfd-439e-45b9-9794-c3f5475ddd3e",
          "title": "Formulario de Registro Multi-Step",
          "fullFile": "",
          "file": "",
          "beforeHooks": [],
          "afterHooks": [],
          "tests": [],
          "suites": [
            {
              "uuid": "0ada9399-fc7d-4e86-aa4b-2d4143299d89",
              "title": "Navegación entre pasos",
              "fullFile": "",
              "file": "",
              "beforeHooks": [],
              "afterHooks": [],
              "tests": [
                {
                  "title": "debe mostrar el paso 1 inicialmente",
                  "fullTitle": "Formulario de Registro Multi-Step Navegación entre pasos debe mostrar el paso 1 inicialmente",
                  "timedOut": null,
                  "duration": 1307,
                  "state": "passed",
                  "speed": "fast",
                  "pass": true,
                  "fail": false,
                  "pending": false,
                  "context": null,
                  "code": "cy.contains('Personal Info').should('be.visible');\ncy.contains('Basic information').should('be.visible');\ncy.get('input[name=\"idNumber\"]').should('be.visible');\ncy.get('input[name=\"name\"]').should('be.visible');\ncy.get('input[name=\"lastName\"]').should('be.visible');",
                  "err": {},
                  "uuid": "313a625d-e57a-4042-bcfd-38bebad74632",
                  "parentUUID": "0ada9399-fc7d-4e86-aa4b-2d4143299d89",
                  "isHook": false,
                  "skipped": false
                },
                {
                  "title": "debe avanzar al paso 2 cuando los datos del paso 1 son válidos",
                  "fullTitle": "Formulario de Registro Multi-Step Navegación entre pasos debe avanzar al paso 2 cuando los datos del paso 1 son válidos",
                  "timedOut": null,
                  "duration": 2105,
                  "state": "passed",
                  "speed": "fast",
                  "pass": true,
                  "fail": false,
                  "pending": false,
                  "context": null,
                  "code": "cy.fillRegistrationStep1({\n    idNumber: '123456789',\n    name: 'John',\n    lastName: 'Doe',\n});\ncy.contains('button', 'Next').click();\n// Verificar que estamos en el paso 2\ncy.contains('Contact').should('be.visible');\ncy.get('input[name=\"email\"]').should('be.visible');\ncy.get('input[name=\"phoneNumber\"]').should('be.visible');",
                  "err": {},
                  "uuid": "e227b286-7f30-4680-be16-696ec2db4c42",
                  "parentUUID": "0ada9399-fc7d-4e86-aa4b-2d4143299d89",
                  "isHook": false,
                  "skipped": false
                },
                {
                  "title": "debe avanzar al paso 3 cuando los datos del paso 2 son válidos",
                  "fullTitle": "Formulario de Registro Multi-Step Navegación entre pasos debe avanzar al paso 3 cuando los datos del paso 2 son válidos",
                  "timedOut": null,
                  "duration": 3055,
                  "state": "passed",
                  "speed": "fast",
                  "pass": true,
                  "fail": false,
                  "pending": false,
                  "context": null,
                  "code": "// Llenar paso 1\ncy.fillRegistrationStep1({\n    idNumber: '123456789',\n    name: 'John',\n    lastName: 'Doe',\n});\ncy.contains('button', 'Next').click();\n// Llenar paso 2\ncy.fillRegistrationStep2({\n    email: 'john.doe@test.com',\n    phoneNumber: '+1234567890',\n});\ncy.contains('button', 'Next').click();\n// Verificar que estamos en el paso 3\ncy.contains('Security').should('be.visible');\ncy.get('input[name=\"password\"]').should('be.visible');\ncy.get('input[name=\"confirmPassword\"]').should('be.visible');\n// Esperar a que el checkbox exista y luego verificar\ncy.get('input[type=\"checkbox\"]').should('exist');\ncy.contains('I agree to the').scrollIntoView().should('be.visible');",
                  "err": {},
                  "uuid": "1ccc295e-718e-4cad-9a77-42fa59352bf1",
                  "parentUUID": "0ada9399-fc7d-4e86-aa4b-2d4143299d89",
                  "isHook": false,
                  "skipped": false
                },
                {
                  "title": "debe permitir retroceder al paso anterior",
                  "fullTitle": "Formulario de Registro Multi-Step Navegación entre pasos debe permitir retroceder al paso anterior",
                  "timedOut": null,
                  "duration": 2158,
                  "state": "passed",
                  "speed": "fast",
                  "pass": true,
                  "fail": false,
                  "pending": false,
                  "context": null,
                  "code": "// Avanzar al paso 2\ncy.fillRegistrationStep1({\n    idNumber: '123456789',\n    name: 'John',\n    lastName: 'Doe',\n});\ncy.contains('button', 'Next').click();\n// Retroceder al paso 1\ncy.contains('button', 'Back').click();\n// Verificar que estamos en el paso 1\ncy.contains('Personal Info').should('be.visible');\ncy.get('input[name=\"idNumber\"]').should('have.value', '123456789');",
                  "err": {},
                  "uuid": "2efb8d46-a94a-4d8d-862c-c3b9478daad0",
                  "parentUUID": "0ada9399-fc7d-4e86-aa4b-2d4143299d89",
                  "isHook": false,
                  "skipped": false
                },
                {
                  "title": "debe mantener los datos al navegar entre pasos",
                  "fullTitle": "Formulario de Registro Multi-Step Navegación entre pasos debe mantener los datos al navegar entre pasos",
                  "timedOut": null,
                  "duration": 2795,
                  "state": "passed",
                  "speed": "fast",
                  "pass": true,
                  "fail": false,
                  "pending": false,
                  "context": null,
                  "code": "// Llenar paso 1\ncy.fillRegistrationStep1({\n    idNumber: '123456789',\n    name: 'John',\n    lastName: 'Doe',\n});\ncy.contains('button', 'Next').click();\n// Llenar paso 2\ncy.fillRegistrationStep2({\n    email: 'john.doe@test.com',\n});\ncy.contains('button', 'Next').click();\n// Retroceder al paso 2\ncy.contains('button', 'Back').click();\ncy.get('input[name=\"email\"]').should('have.value', 'john.doe@test.com');\n// Retroceder al paso 1\ncy.contains('button', 'Back').click();\ncy.get('input[name=\"idNumber\"]').should('have.value', '123456789');\ncy.get('input[name=\"name\"]').should('have.value', 'John');\ncy.get('input[name=\"lastName\"]').should('have.value', 'Doe');",
                  "err": {},
                  "uuid": "ff780831-16b9-4c9e-bb01-314d6760c790",
                  "parentUUID": "0ada9399-fc7d-4e86-aa4b-2d4143299d89",
                  "isHook": false,
                  "skipped": false
                }
              ],
              "suites": [],
              "passes": [
                "313a625d-e57a-4042-bcfd-38bebad74632",
                "e227b286-7f30-4680-be16-696ec2db4c42",
                "1ccc295e-718e-4cad-9a77-42fa59352bf1",
                "2efb8d46-a94a-4d8d-862c-c3b9478daad0",
                "ff780831-16b9-4c9e-bb01-314d6760c790"
              ],
              "failures": [],
              "pending": [],
              "skipped": [],
              "duration": 11420,
              "root": false,
              "rootEmpty": false,
              "_timeout": 2000
            },
            {
              "uuid": "ffd5b93d-245e-4481-809d-70e0e05af08f",
              "title": "Validación de campos",
              "fullFile": "",
              "file": "",
              "beforeHooks": [],
              "afterHooks": [],
              "tests": [
                {
                  "title": "no debe avanzar del paso 1 si los campos están vacíos",
                  "fullTitle": "Formulario de Registro Multi-Step Validación de campos no debe avanzar del paso 1 si los campos están vacíos",
                  "timedOut": null,
                  "duration": 1176,
                  "state": "passed",
                  "speed": "fast",
                  "pass": true,
                  "fail": false,
                  "pending": false,
                  "context": null,
                  "code": "cy.contains('button', 'Next').click();\n// Debe mostrar mensajes de error\ncy.contains('ID number must be at least 2 characters').should('be.visible');\ncy.contains('Name must be at least 2 characters').should('be.visible');\ncy.contains('Last name must be at least 2 characters').should('be.visible');\n// No debe avanzar al paso 2\ncy.get('input[name=\"email\"]').should('not.exist');",
                  "err": {},
                  "uuid": "cf50b4e9-015a-495d-8c5b-df593391b94a",
                  "parentUUID": "ffd5b93d-245e-4481-809d-70e0e05af08f",
                  "isHook": false,
                  "skipped": false
                },
                {
                  "title": "debe validar el formato del ID number",
                  "fullTitle": "Formulario de Registro Multi-Step Validación de campos debe validar el formato del ID number",
                  "timedOut": null,
                  "duration": 1713,
                  "state": "passed",
                  "speed": "fast",
                  "pass": true,
                  "fail": false,
                  "pending": false,
                  "context": null,
                  "code": "cy.get('input[name=\"idNumber\"]').type('1');\ncy.get('input[name=\"name\"]').type('John');\ncy.get('input[name=\"lastName\"]').type('Doe');\ncy.contains('button', 'Next').click();\ncy.contains('ID number must be at least 2 characters').should('be.visible');",
                  "err": {},
                  "uuid": "6f3f2116-20cc-4be3-9413-d589737af14d",
                  "parentUUID": "ffd5b93d-245e-4481-809d-70e0e05af08f",
                  "isHook": false,
                  "skipped": false
                },
                {
                  "title": "no debe avanzar del paso 2 si el email es inválido",
                  "fullTitle": "Formulario de Registro Multi-Step Validación de campos no debe avanzar del paso 2 si el email es inválido",
                  "timedOut": null,
                  "duration": 2438,
                  "state": "passed",
                  "speed": "fast",
                  "pass": true,
                  "fail": false,
                  "pending": false,
                  "context": null,
                  "code": "// Llenar paso 1\ncy.fillRegistrationStep1({\n    idNumber: '123456789',\n    name: 'John',\n    lastName: 'Doe',\n});\ncy.contains('button', 'Next').click();\n// Intentar con email inválido\ncy.get('input[name=\"email\"]').type('invalid-email');\ncy.contains('button', 'Next').click();\ncy.contains('Please enter a valid email address').should('be.visible');",
                  "err": {},
                  "uuid": "0a56858d-3292-449c-9a20-8ab41b837dff",
                  "parentUUID": "ffd5b93d-245e-4481-809d-70e0e05af08f",
                  "isHook": false,
                  "skipped": false
                },
                {
                  "title": "debe validar que las contraseñas coincidan",
                  "fullTitle": "Formulario de Registro Multi-Step Validación de campos debe validar que las contraseñas coincidan",
                  "timedOut": null,
                  "duration": 3527,
                  "state": "passed",
                  "speed": "fast",
                  "pass": true,
                  "fail": false,
                  "pending": false,
                  "context": null,
                  "code": "// Llenar pasos 1 y 2\ncy.fillRegistrationStep1({\n    idNumber: '123456789',\n    name: 'John',\n    lastName: 'Doe',\n});\ncy.contains('button', 'Next').click();\ncy.fillRegistrationStep2({\n    email: 'john.doe@test.com',\n});\ncy.contains('button', 'Next').click();\n// Llenar contraseñas diferentes\ncy.get('input[name=\"password\"]').type('Test123!@#');\ncy.get('input[name=\"confirmPassword\"]').type('Different123!@#');\ncy.contains('I agree to the').scrollIntoView();\ncy.get('input[type=\"checkbox\"]').check({ force: true });\ncy.contains('button', 'Create Account').click();\ncy.contains(\"Passwords don't match\").should('be.visible');",
                  "err": {},
                  "uuid": "b03c700f-94d1-413f-bfc8-b546c26ea9e5",
                  "parentUUID": "ffd5b93d-245e-4481-809d-70e0e05af08f",
                  "isHook": false,
                  "skipped": false
                },
                {
                  "title": "debe validar la complejidad de la contraseña",
                  "fullTitle": "Formulario de Registro Multi-Step Validación de campos debe validar la complejidad de la contraseña",
                  "timedOut": null,
                  "duration": 3247,
                  "state": "passed",
                  "speed": "fast",
                  "pass": true,
                  "fail": false,
                  "pending": false,
                  "context": null,
                  "code": "// Llenar pasos 1 y 2\ncy.fillRegistrationStep1({\n    idNumber: '123456789',\n    name: 'John',\n    lastName: 'Doe',\n});\ncy.contains('button', 'Next').click();\ncy.fillRegistrationStep2({\n    email: 'john.doe@test.com',\n});\ncy.contains('button', 'Next').click();\n// Contraseña débil\ncy.get('input[name=\"password\"]').type('weak');\ncy.get('input[name=\"confirmPassword\"]').type('weak');\ncy.contains('I agree to the').scrollIntoView();\ncy.get('input[type=\"checkbox\"]').check({ force: true });\ncy.contains('button', 'Create Account').click();\n// Debe mostrar errores de validación de contraseña\ncy.contains(/Password must/i).should('be.visible');",
                  "err": {},
                  "uuid": "c3828f6a-0034-4444-b1b2-1917bb912f13",
                  "parentUUID": "ffd5b93d-245e-4481-809d-70e0e05af08f",
                  "isHook": false,
                  "skipped": false
                },
                {
                  "title": "debe requerir aceptar términos y condiciones",
                  "fullTitle": "Formulario de Registro Multi-Step Validación de campos debe requerir aceptar términos y condiciones",
                  "timedOut": null,
                  "duration": 3306,
                  "state": "passed",
                  "speed": "fast",
                  "pass": true,
                  "fail": false,
                  "pending": false,
                  "context": null,
                  "code": "// Llenar todos los pasos sin aceptar términos\ncy.fillRegistrationStep1({\n    idNumber: '123456789',\n    name: 'John',\n    lastName: 'Doe',\n});\ncy.contains('button', 'Next').click();\ncy.fillRegistrationStep2({\n    email: 'john.doe@test.com',\n});\ncy.contains('button', 'Next').click();\ncy.get('input[name=\"password\"]').type('Test123!@#');\ncy.get('input[name=\"confirmPassword\"]').type('Test123!@#');\n// NO marcar el checkbox\ncy.contains('button', 'Create Account').click();\ncy.contains('You must accept the terms and conditions').should('be.visible');",
                  "err": {},
                  "uuid": "4a9e1662-7b6b-4b9a-a659-5b242eef5c01",
                  "parentUUID": "ffd5b93d-245e-4481-809d-70e0e05af08f",
                  "isHook": false,
                  "skipped": false
                }
              ],
              "suites": [],
              "passes": [
                "cf50b4e9-015a-495d-8c5b-df593391b94a",
                "6f3f2116-20cc-4be3-9413-d589737af14d",
                "0a56858d-3292-449c-9a20-8ab41b837dff",
                "b03c700f-94d1-413f-bfc8-b546c26ea9e5",
                "c3828f6a-0034-4444-b1b2-1917bb912f13",
                "4a9e1662-7b6b-4b9a-a659-5b242eef5c01"
              ],
              "failures": [],
              "pending": [],
              "skipped": [],
              "duration": 15407,
              "root": false,
              "rootEmpty": false,
              "_timeout": 2000
            },
            {
              "uuid": "100b9942-5bc7-4442-8c25-eff073503ed3",
              "title": "Indicador de progreso",
              "fullFile": "",
              "file": "",
              "beforeHooks": [],
              "afterHooks": [],
              "tests": [
                {
                  "title": "debe mostrar el progreso visual correctamente",
                  "fullTitle": "Formulario de Registro Multi-Step Indicador de progreso debe mostrar el progreso visual correctamente",
                  "timedOut": null,
                  "duration": 3152,
                  "state": "passed",
                  "speed": "fast",
                  "pass": true,
                  "fail": false,
                  "pending": false,
                  "context": null,
                  "code": "// Paso 1 - primer círculo activo\ncy.contains('Personal Info').parent().find('div').first()\n    .should('have.class', 'bg-primary');\n// Avanzar al paso 2\ncy.fillRegistrationStep1({\n    idNumber: '123456789',\n    name: 'John',\n    lastName: 'Doe',\n});\ncy.contains('button', 'Next').click();\n// Paso 1 completado (con checkmark), paso 2 activo\ncy.contains('Contact').parent().find('div').first()\n    .should('have.class', 'bg-primary');\n// Avanzar al paso 3\ncy.fillRegistrationStep2({\n    email: 'john.doe@test.com',\n});\ncy.contains('button', 'Next').click();\n// Paso 3 activo\ncy.contains('Security').parent().find('div').first()\n    .should('have.class', 'bg-primary');",
                  "err": {},
                  "uuid": "9282a643-4980-4948-953a-b346d10216a4",
                  "parentUUID": "100b9942-5bc7-4442-8c25-eff073503ed3",
                  "isHook": false,
                  "skipped": false
                },
                {
                  "title": "debe actualizar la barra de progreso",
                  "fullTitle": "Formulario de Registro Multi-Step Indicador de progreso debe actualizar la barra de progreso",
                  "timedOut": null,
                  "duration": 2062,
                  "state": "passed",
                  "speed": "fast",
                  "pass": true,
                  "fail": false,
                  "pending": false,
                  "context": null,
                  "code": "// Verificar que la barra existe\ncy.get('.bg-muted.rounded-full').should('exist');\n// La barra debe crecer al avanzar\ncy.fillRegistrationStep1({\n    idNumber: '123456789',\n    name: 'John',\n    lastName: 'Doe',\n});\ncy.contains('button', 'Next').click();\n// Verificar que la barra de progreso cambió\ncy.get('.bg-primary.transition-all').should('exist');",
                  "err": {},
                  "uuid": "f9357510-55bf-4bf4-ad8d-19a7c291ba05",
                  "parentUUID": "100b9942-5bc7-4442-8c25-eff073503ed3",
                  "isHook": false,
                  "skipped": false
                }
              ],
              "suites": [],
              "passes": [
                "9282a643-4980-4948-953a-b346d10216a4",
                "f9357510-55bf-4bf4-ad8d-19a7c291ba05"
              ],
              "failures": [],
              "pending": [],
              "skipped": [],
              "duration": 5214,
              "root": false,
              "rootEmpty": false,
              "_timeout": 2000
            },
            {
              "uuid": "09533a90-8ef5-4641-87de-1f5f4293785a",
              "title": "Funcionalidad de mostrar/ocultar contraseña",
              "fullFile": "",
              "file": "",
              "beforeHooks": [],
              "afterHooks": [],
              "tests": [
                {
                  "title": "debe mostrar/ocultar la contraseña al hacer clic en el icono",
                  "fullTitle": "Formulario de Registro Multi-Step Funcionalidad de mostrar/ocultar contraseña debe mostrar/ocultar la contraseña al hacer clic en el icono",
                  "timedOut": null,
                  "duration": 2853,
                  "state": "passed",
                  "speed": "fast",
                  "pass": true,
                  "fail": false,
                  "pending": false,
                  "context": null,
                  "code": "cy.get('input[name=\"password\"]').should('have.attr', 'type', 'password');\n// Hacer clic en el botón de mostrar contraseña\ncy.get('input[name=\"password\"]').parent().find('button').click();\ncy.get('input[name=\"password\"]').should('have.attr', 'type', 'text');\n// Hacer clic nuevamente para ocultar\ncy.get('input[name=\"password\"]').parent().find('button').click();\ncy.get('input[name=\"password\"]').should('have.attr', 'type', 'password');",
                  "err": {},
                  "uuid": "21a2a22d-5fa2-49cb-9694-15727027803e",
                  "parentUUID": "09533a90-8ef5-4641-87de-1f5f4293785a",
                  "isHook": false,
                  "skipped": false
                }
              ],
              "suites": [],
              "passes": [
                "21a2a22d-5fa2-49cb-9694-15727027803e"
              ],
              "failures": [],
              "pending": [],
              "skipped": [],
              "duration": 2853,
              "root": false,
              "rootEmpty": false,
              "_timeout": 2000
            },
            {
              "uuid": "401d3129-e05c-4d7d-a06c-e27d0901a869",
              "title": "Integración con backend (mocked)",
              "fullFile": "",
              "file": "",
              "beforeHooks": [],
              "afterHooks": [],
              "tests": [
                {
                  "title": "debe mostrar alert de error cuando el email ya está registrado",
                  "fullTitle": "Formulario de Registro Multi-Step Integración con backend (mocked) debe mostrar alert de error cuando el email ya está registrado",
                  "timedOut": null,
                  "duration": 8272,
                  "state": "failed",
                  "speed": null,
                  "pass": false,
                  "fail": true,
                  "pending": false,
                  "context": null,
                  "code": "// Interceptar la llamada al backend\ncy.intercept('POST', '**/api/auth/register', {\n    statusCode: 400,\n    body: {\n        message: 'Email already registered',\n    },\n}).as('registerRequest');\n// Llenar formulario completo\ncy.fillRegistrationStep1({\n    idNumber: '123456789',\n    name: 'John',\n    lastName: 'Doe',\n});\ncy.contains('button', 'Next').click();\ncy.fillRegistrationStep2({\n    email: 'existing@test.com',\n});\ncy.contains('button', 'Next').click();\ncy.fillRegistrationStep3({\n    password: 'Test123!@#',\n    confirmPassword: 'Test123!@#',\n});\ncy.contains('button', 'Create Account').click();\n// Esperar la respuesta\ncy.wait('@registerRequest');\n// Verificar que muestra el alert de error\ncy.contains('Registration failed').should('be.visible');\ncy.contains('Email already registered').should('be.visible');\n// Verificar que redirige al paso 2 (donde está el email)\ncy.get('input[name=\"email\"]').should('be.visible');",
                  "err": {
                    "message": "AssertionError: Timed out retrying after 4000ms: Expected to find content: 'Registration failed' but never did.",
                    "estack": "AssertionError: Timed out retrying after 4000ms: Expected to find content: 'Registration failed' but never did.\n    at Context.eval (webpack://my-ecommerce/./cypress/e2e/register.cy.ts:317:41)",
                    "diff": null
                  },
                  "uuid": "ca7c349f-dc18-4ee1-ae9d-65d2d0b4b148",
                  "parentUUID": "401d3129-e05c-4d7d-a06c-e27d0901a869",
                  "isHook": false,
                  "skipped": false
                },
                {
                  "title": "debe mostrar alert de error cuando el ID ya está registrado",
                  "fullTitle": "Formulario de Registro Multi-Step Integración con backend (mocked) debe mostrar alert de error cuando el ID ya está registrado",
                  "timedOut": null,
                  "duration": 7961,
                  "state": "failed",
                  "speed": null,
                  "pass": false,
                  "fail": true,
                  "pending": false,
                  "context": null,
                  "code": "cy.intercept('POST', '**/api/auth/register', {\n    statusCode: 400,\n    body: {\n        message: 'ID number already registered',\n    },\n}).as('registerRequest');\n// Llenar formulario completo\ncy.fillRegistrationStep1({\n    idNumber: '999999999',\n    name: 'John',\n    lastName: 'Doe',\n});\ncy.contains('button', 'Next').click();\ncy.fillRegistrationStep2({\n    email: 'john@test.com',\n});\ncy.contains('button', 'Next').click();\ncy.fillRegistrationStep3({\n    password: 'Test123!@#',\n    confirmPassword: 'Test123!@#',\n});\ncy.contains('button', 'Create Account').click();\ncy.wait('@registerRequest');\n// Verificar que muestra el alert de error\ncy.contains('Registration failed').should('be.visible');\ncy.contains('ID number already registered').should('be.visible');\n// Verificar que redirige al paso 1 (donde está el ID)\ncy.get('input[name=\"idNumber\"]').should('be.visible');",
                  "err": {
                    "message": "AssertionError: Timed out retrying after 4000ms: Expected to find content: 'Registration failed' but never did.",
                    "estack": "AssertionError: Timed out retrying after 4000ms: Expected to find content: 'Registration failed' but never did.\n    at Context.eval (webpack://my-ecommerce/./cypress/e2e/register.cy.ts:354:41)",
                    "diff": null
                  },
                  "uuid": "7154a8d4-e8c4-4573-a9eb-947ea75eef2f",
                  "parentUUID": "401d3129-e05c-4d7d-a06c-e27d0901a869",
                  "isHook": false,
                  "skipped": false
                },
                {
                  "title": "debe redirigir al paso 2 y permitir corregir el email cuando está duplicado",
                  "fullTitle": "Formulario de Registro Multi-Step Integración con backend (mocked) debe redirigir al paso 2 y permitir corregir el email cuando está duplicado",
                  "timedOut": null,
                  "duration": 7760,
                  "state": "failed",
                  "speed": null,
                  "pass": false,
                  "fail": true,
                  "pending": false,
                  "context": null,
                  "code": "cy.intercept('POST', '**/api/auth/register', {\n    statusCode: 400,\n    body: {\n        message: 'Email already registered',\n    },\n}).as('registerRequest');\n// Llenar formulario completo\ncy.fillRegistrationStep1({\n    idNumber: '123456789',\n    name: 'John',\n    lastName: 'Doe',\n});\ncy.contains('button', 'Next').click();\ncy.fillRegistrationStep2({\n    email: 'duplicate@test.com',\n});\ncy.contains('button', 'Next').click();\ncy.fillRegistrationStep3({\n    password: 'Test123!@#',\n    confirmPassword: 'Test123!@#',\n});\ncy.contains('button', 'Create Account').click();\ncy.wait('@registerRequest');\n// Verificar que muestra el alert de error\ncy.contains('Registration failed').should('be.visible');\ncy.contains('Email already registered').should('be.visible');\n// Verificar que redirige al paso 2 (Contact)\ncy.contains('Contact').parent().find('div').first()\n    .should('have.class', 'bg-primary'); // Paso 2 activo\ncy.get('input[name=\"email\"]').should('be.visible');\ncy.get('input[name=\"phoneNumber\"]').should('be.visible');\n// Verificar que el email anterior se mantiene\ncy.get('input[name=\"email\"]').should('have.value', 'duplicate@test.com');\n// Verificar que el usuario puede corregir el email\ncy.get('input[name=\"email\"]').clear().type('newemail@test.com');\ncy.get('input[name=\"email\"]').should('have.value', 'newemail@test.com');\n// Verificar que puede avanzar nuevamente\ncy.contains('button', 'Next').should('not.be.disabled');",
                  "err": {
                    "message": "AssertionError: Timed out retrying after 4000ms: Expected to find content: 'Registration failed' but never did.",
                    "estack": "AssertionError: Timed out retrying after 4000ms: Expected to find content: 'Registration failed' but never did.\n    at Context.eval (webpack://my-ecommerce/./cypress/e2e/register.cy.ts:391:41)",
                    "diff": null
                  },
                  "uuid": "cb267be3-876a-40a1-9d80-0d7cc507465e",
                  "parentUUID": "401d3129-e05c-4d7d-a06c-e27d0901a869",
                  "isHook": false,
                  "skipped": false
                },
                {
                  "title": "debe redirigir al paso 1 y permitir corregir el ID cuando está duplicado",
                  "fullTitle": "Formulario de Registro Multi-Step Integración con backend (mocked) debe redirigir al paso 1 y permitir corregir el ID cuando está duplicado",
                  "timedOut": null,
                  "duration": 7707,
                  "state": "failed",
                  "speed": null,
                  "pass": false,
                  "fail": true,
                  "pending": false,
                  "context": null,
                  "code": "cy.intercept('POST', '**/api/auth/register', {\n    statusCode: 400,\n    body: {\n        message: 'ID number already registered',\n    },\n}).as('registerRequest');\n// Llenar formulario completo\ncy.fillRegistrationStep1({\n    idNumber: '999999999',\n    name: 'John',\n    lastName: 'Doe',\n});\ncy.contains('button', 'Next').click();\ncy.fillRegistrationStep2({\n    email: 'john@test.com',\n});\ncy.contains('button', 'Next').click();\ncy.fillRegistrationStep3({\n    password: 'Test123!@#',\n    confirmPassword: 'Test123!@#',\n});\ncy.contains('button', 'Create Account').click();\ncy.wait('@registerRequest');\n// Verificar que muestra el alert de error\ncy.contains('Registration failed').should('be.visible');\ncy.contains('ID number already registered').should('be.visible');\n// Verificar que redirige al paso 1 (Personal Info)\ncy.contains('Personal Info').parent().find('div').first()\n    .should('have.class', 'bg-primary'); // Paso 1 activo\ncy.get('input[name=\"idNumber\"]').should('be.visible');\ncy.get('input[name=\"name\"]').should('be.visible');\ncy.get('input[name=\"lastName\"]').should('be.visible');\n// Verificar que el ID anterior se mantiene\ncy.get('input[name=\"idNumber\"]').should('have.value', '999999999');\n// Verificar que el usuario puede corregir el ID\ncy.get('input[name=\"idNumber\"]').clear().type('111111111');\ncy.get('input[name=\"idNumber\"]').should('have.value', '111111111');\n// Verificar que puede avanzar nuevamente\ncy.contains('button', 'Next').should('not.be.disabled');",
                  "err": {
                    "message": "AssertionError: Timed out retrying after 4000ms: Expected to find content: 'Registration failed' but never did.",
                    "estack": "AssertionError: Timed out retrying after 4000ms: Expected to find content: 'Registration failed' but never did.\n    at Context.eval (webpack://my-ecommerce/./cypress/e2e/register.cy.ts:441:41)",
                    "diff": null
                  },
                  "uuid": "060afddf-ec40-404b-a4ec-c1d3770180e7",
                  "parentUUID": "401d3129-e05c-4d7d-a06c-e27d0901a869",
                  "isHook": false,
                  "skipped": false
                },
                {
                  "title": "debe mantener todos los datos al redirigir por error de email",
                  "fullTitle": "Formulario de Registro Multi-Step Integración con backend (mocked) debe mantener todos los datos al redirigir por error de email",
                  "timedOut": null,
                  "duration": 8096,
                  "state": "failed",
                  "speed": null,
                  "pass": false,
                  "fail": true,
                  "pending": false,
                  "context": null,
                  "code": "cy.intercept('POST', '**/api/auth/register', {\n    statusCode: 400,\n    body: {\n        message: 'Email already registered',\n    },\n}).as('registerRequest');\n// Llenar formulario completo con datos específicos\ncy.fillRegistrationStep1({\n    idNumber: '123456789',\n    name: 'John',\n    lastName: 'Doe',\n});\ncy.contains('button', 'Next').click();\ncy.fillRegistrationStep2({\n    email: 'duplicate@test.com',\n    phoneNumber: '+1234567890',\n});\ncy.contains('button', 'Next').click();\ncy.fillRegistrationStep3({\n    password: 'Test123!@#',\n    confirmPassword: 'Test123!@#',\n});\ncy.contains('button', 'Create Account').click();\ncy.wait('@registerRequest');\n// Verificar que está en el paso 2\ncy.get('input[name=\"email\"]').should('be.visible');\n// Verificar que todos los datos del paso 2 se mantienen\ncy.get('input[name=\"email\"]').should('have.value', 'duplicate@test.com');\ncy.get('input[name=\"phoneNumber\"]').should('have.value', '+1234567890');\n// Navegar al paso 1 y verificar que los datos se mantienen\ncy.contains('button', 'Back').click();\ncy.get('input[name=\"idNumber\"]').should('have.value', '123456789');\ncy.get('input[name=\"name\"]').should('have.value', 'John');\ncy.get('input[name=\"lastName\"]').should('have.value', 'Doe');\n// Navegar al paso 3 y verificar que los datos se mantienen\ncy.contains('button', 'Next').click(); // Volver al paso 2\ncy.contains('button', 'Next').click(); // Ir al paso 3\ncy.get('input[name=\"password\"]').should('have.value', 'Test123!@#');\ncy.get('input[name=\"confirmPassword\"]').should('have.value', 'Test123!@#');\ncy.contains('I agree to the').scrollIntoView();\ncy.get('input[type=\"checkbox\"]').should('be.checked');",
                  "err": {
                    "message": "AssertionError: Timed out retrying after 4000ms: Expected to find element: `input[name=\"email\"]`, but never found it.",
                    "estack": "AssertionError: Timed out retrying after 4000ms: Expected to find element: `input[name=\"email\"]`, but never found it.\n    at Context.eval (webpack://my-ecommerce/./cypress/e2e/register.cy.ts:493:36)",
                    "diff": null
                  },
                  "uuid": "a133e2a3-4b24-4db8-95cf-1fd360ce52ec",
                  "parentUUID": "401d3129-e05c-4d7d-a06c-e27d0901a869",
                  "isHook": false,
                  "skipped": false
                },
                {
                  "title": "debe mantener todos los datos al redirigir por error de ID",
                  "fullTitle": "Formulario de Registro Multi-Step Integración con backend (mocked) debe mantener todos los datos al redirigir por error de ID",
                  "timedOut": null,
                  "duration": 8083,
                  "state": "failed",
                  "speed": null,
                  "pass": false,
                  "fail": true,
                  "pending": false,
                  "context": null,
                  "code": "cy.intercept('POST', '**/api/auth/register', {\n    statusCode: 400,\n    body: {\n        message: 'ID number already registered',\n    },\n}).as('registerRequest');\n// Llenar formulario completo con datos específicos\ncy.fillRegistrationStep1({\n    idNumber: '999999999',\n    name: 'Jane',\n    lastName: 'Smith',\n});\ncy.contains('button', 'Next').click();\ncy.fillRegistrationStep2({\n    email: 'jane@test.com',\n    phoneNumber: '+9876543210',\n});\ncy.contains('button', 'Next').click();\ncy.fillRegistrationStep3({\n    password: 'Secure456!@#',\n    confirmPassword: 'Secure456!@#',\n});\ncy.contains('button', 'Create Account').click();\ncy.wait('@registerRequest');\n// Verificar que está en el paso 1\ncy.get('input[name=\"idNumber\"]').should('be.visible');\n// Verificar que todos los datos del paso 1 se mantienen\ncy.get('input[name=\"idNumber\"]').should('have.value', '999999999');\ncy.get('input[name=\"name\"]').should('have.value', 'Jane');\ncy.get('input[name=\"lastName\"]').should('have.value', 'Smith');\n// Navegar al paso 2 y verificar que los datos se mantienen\ncy.contains('button', 'Next').click();\ncy.get('input[name=\"email\"]').should('have.value', 'jane@test.com');\ncy.get('input[name=\"phoneNumber\"]').should('have.value', '+9876543210');\n// Navegar al paso 3 y verificar que los datos se mantienen\ncy.contains('button', 'Next').click();\ncy.get('input[name=\"password\"]').should('have.value', 'Secure456!@#');\ncy.get('input[name=\"confirmPassword\"]').should('have.value', 'Secure456!@#');\ncy.contains('I agree to the').scrollIntoView();\ncy.get('input[type=\"checkbox\"]').should('be.checked');",
                  "err": {
                    "message": "AssertionError: Timed out retrying after 4000ms: Expected to find element: `input[name=\"idNumber\"]`, but never found it.",
                    "estack": "AssertionError: Timed out retrying after 4000ms: Expected to find element: `input[name=\"idNumber\"]`, but never found it.\n    at Context.eval (webpack://my-ecommerce/./cypress/e2e/register.cy.ts:545:39)",
                    "diff": null
                  },
                  "uuid": "2e750712-4681-45e8-b10f-d334ad1f2b1f",
                  "parentUUID": "401d3129-e05c-4d7d-a06c-e27d0901a869",
                  "isHook": false,
                  "skipped": false
                },
                {
                  "title": "no debe redirigir si el error no es de email o ID duplicado",
                  "fullTitle": "Formulario de Registro Multi-Step Integración con backend (mocked) no debe redirigir si el error no es de email o ID duplicado",
                  "timedOut": null,
                  "duration": 7701,
                  "state": "failed",
                  "speed": null,
                  "pass": false,
                  "fail": true,
                  "pending": false,
                  "context": null,
                  "code": "cy.intercept('POST', '**/api/auth/register', {\n    statusCode: 500,\n    body: {\n        message: 'Internal server error',\n    },\n}).as('registerRequest');\n// Llenar formulario completo\ncy.fillRegistrationStep1({\n    idNumber: '123456789',\n    name: 'John',\n    lastName: 'Doe',\n});\ncy.contains('button', 'Next').click();\ncy.fillRegistrationStep2({\n    email: 'john@test.com',\n});\ncy.contains('button', 'Next').click();\ncy.fillRegistrationStep3({\n    password: 'Test123!@#',\n    confirmPassword: 'Test123!@#',\n});\ncy.contains('button', 'Create Account').click();\ncy.wait('@registerRequest');\n// Verificar que muestra el alert de error\ncy.contains('Registration failed').should('be.visible');\ncy.contains('Internal server error').should('be.visible');\n// Verificar que permanece en el paso 3 (Security)\ncy.contains('Security').parent().find('div').first()\n    .should('have.class', 'bg-primary'); // Paso 3 activo\ncy.get('input[name=\"password\"]').should('be.visible');\ncy.get('input[name=\"confirmPassword\"]').should('be.visible');",
                  "err": {
                    "message": "AssertionError: Timed out retrying after 4000ms: Expected to find content: 'Registration failed' but never did.",
                    "estack": "AssertionError: Timed out retrying after 4000ms: Expected to find content: 'Registration failed' but never did.\n    at Context.eval (webpack://my-ecommerce/./cypress/e2e/register.cy.ts:595:41)",
                    "diff": null
                  },
                  "uuid": "8c26e16c-36f2-4e68-bcd6-a23f9fc84195",
                  "parentUUID": "401d3129-e05c-4d7d-a06c-e27d0901a869",
                  "isHook": false,
                  "skipped": false
                },
                {
                  "title": "debe ocultar el alert de error después de 5 segundos",
                  "fullTitle": "Formulario de Registro Multi-Step Integración con backend (mocked) debe ocultar el alert de error después de 5 segundos",
                  "timedOut": null,
                  "duration": 7980,
                  "state": "failed",
                  "speed": null,
                  "pass": false,
                  "fail": true,
                  "pending": false,
                  "context": null,
                  "code": "cy.intercept('POST', '**/api/auth/register', {\n    statusCode: 400,\n    body: {\n        message: 'Email already registered',\n    },\n}).as('registerRequest');\n// Llenar formulario completo\ncy.fillRegistrationStep1({\n    idNumber: '123456789',\n    name: 'John',\n    lastName: 'Doe',\n});\ncy.contains('button', 'Next').click();\ncy.fillRegistrationStep2({\n    email: 'duplicate@test.com',\n});\ncy.contains('button', 'Next').click();\ncy.fillRegistrationStep3({\n    password: 'Test123!@#',\n    confirmPassword: 'Test123!@#',\n});\ncy.contains('button', 'Create Account').click();\ncy.wait('@registerRequest');\n// Verificar que el alert está visible\ncy.contains('Registration failed').should('be.visible');\n// Esperar 5 segundos y verificar que el alert desaparece\ncy.wait(5000);\ncy.contains('Registration failed').should('not.exist');",
                  "err": {
                    "message": "AssertionError: Timed out retrying after 4000ms: Expected to find content: 'Registration failed' but never did.",
                    "estack": "AssertionError: Timed out retrying after 4000ms: Expected to find content: 'Registration failed' but never did.\n    at Context.eval (webpack://my-ecommerce/./cypress/e2e/register.cy.ts:635:41)",
                    "diff": null
                  },
                  "uuid": "8b5b4243-55f7-48ce-8260-509d04de4ea4",
                  "parentUUID": "401d3129-e05c-4d7d-a06c-e27d0901a869",
                  "isHook": false,
                  "skipped": false
                },
                {
                  "title": "debe mostrar alert de éxito cuando el registro es exitoso",
                  "fullTitle": "Formulario de Registro Multi-Step Integración con backend (mocked) debe mostrar alert de éxito cuando el registro es exitoso",
                  "timedOut": null,
                  "duration": 5134,
                  "state": "passed",
                  "speed": "medium",
                  "pass": true,
                  "fail": false,
                  "pending": false,
                  "context": null,
                  "code": "cy.intercept('POST', '**/api/auth/register', {\n    statusCode: 200,\n    body: {\n        message: 'Please check your email to activate your account.',\n    },\n}).as('registerRequest');\n// Llenar formulario completo\ncy.fillRegistrationStep1({\n    idNumber: '123456789',\n    name: 'John',\n    lastName: 'Doe',\n});\ncy.contains('button', 'Next').click();\ncy.fillRegistrationStep2({\n    email: 'newuser@test.com',\n});\ncy.contains('button', 'Next').click();\ncy.fillRegistrationStep3({\n    password: 'Test123!@#',\n    confirmPassword: 'Test123!@#',\n});\ncy.contains('button', 'Create Account').click();\ncy.wait('@registerRequest');\n// Verificar que muestra el alert de éxito\ncy.contains('Account created successfully!').should('be.visible');\ncy.contains('Please check your email to activate your account').should('be.visible');",
                  "err": {},
                  "uuid": "18823d17-f7aa-40a7-ab4c-d07228b5116d",
                  "parentUUID": "401d3129-e05c-4d7d-a06c-e27d0901a869",
                  "isHook": false,
                  "skipped": false
                }
              ],
              "suites": [],
              "passes": [
                "18823d17-f7aa-40a7-ab4c-d07228b5116d"
              ],
              "failures": [
                "ca7c349f-dc18-4ee1-ae9d-65d2d0b4b148",
                "7154a8d4-e8c4-4573-a9eb-947ea75eef2f",
                "cb267be3-876a-40a1-9d80-0d7cc507465e",
                "060afddf-ec40-404b-a4ec-c1d3770180e7",
                "a133e2a3-4b24-4db8-95cf-1fd360ce52ec",
                "2e750712-4681-45e8-b10f-d334ad1f2b1f",
                "8c26e16c-36f2-4e68-bcd6-a23f9fc84195",
                "8b5b4243-55f7-48ce-8260-509d04de4ea4"
              ],
              "pending": [],
              "skipped": [],
              "duration": 68694,
              "root": false,
              "rootEmpty": false,
              "_timeout": 2000
            },
            {
              "uuid": "dfbbcaa7-8b58-4a91-9932-c30123ae7081",
              "title": "Accesibilidad y UX",
              "fullFile": "",
              "file": "",
              "beforeHooks": [],
              "afterHooks": [],
              "tests": [
                {
                  "title": "debe tener labels asociados a los inputs",
                  "fullTitle": "Formulario de Registro Multi-Step Accesibilidad y UX debe tener labels asociados a los inputs",
                  "timedOut": null,
                  "duration": 962,
                  "state": "passed",
                  "speed": "fast",
                  "pass": true,
                  "fail": false,
                  "pending": false,
                  "context": null,
                  "code": "cy.get('input[name=\"idNumber\"]').should('have.attr', 'id');\ncy.get('label').contains('ID Number').should('exist');",
                  "err": {},
                  "uuid": "f2a2179c-556d-43a0-81b3-427d9f39a778",
                  "parentUUID": "dfbbcaa7-8b58-4a91-9932-c30123ae7081",
                  "isHook": false,
                  "skipped": false
                },
                {
                  "title": "debe deshabilitar botones durante el envío",
                  "fullTitle": "Formulario de Registro Multi-Step Accesibilidad y UX debe deshabilitar botones durante el envío",
                  "timedOut": null,
                  "duration": 3475,
                  "state": "passed",
                  "speed": "fast",
                  "pass": true,
                  "fail": false,
                  "pending": false,
                  "context": null,
                  "code": "cy.intercept('POST', '**/api/auth/register', {\n    delay: 1000,\n    statusCode: 200,\n    body: { message: 'Success' },\n}).as('registerRequest');\n// Llenar formulario completo\ncy.fillRegistrationStep1({\n    idNumber: '123456789',\n    name: 'John',\n    lastName: 'Doe',\n});\ncy.contains('button', 'Next').click();\ncy.fillRegistrationStep2({\n    email: 'test@test.com',\n});\ncy.contains('button', 'Next').click();\ncy.fillRegistrationStep3({\n    password: 'Test123!@#',\n    confirmPassword: 'Test123!@#',\n});\ncy.contains('button', 'Create Account').click();\n// Verificar que el botón está deshabilitado\ncy.contains('button', 'Creating account...').should('be.disabled');",
                  "err": {},
                  "uuid": "c58f5d0f-38a8-4aac-9669-955187720388",
                  "parentUUID": "dfbbcaa7-8b58-4a91-9932-c30123ae7081",
                  "isHook": false,
                  "skipped": false
                },
                {
                  "title": "debe mostrar el calendario para fecha de nacimiento",
                  "fullTitle": "Formulario de Registro Multi-Step Accesibilidad y UX debe mostrar el calendario para fecha de nacimiento",
                  "timedOut": null,
                  "duration": 1259,
                  "state": "passed",
                  "speed": "fast",
                  "pass": true,
                  "fail": false,
                  "pending": false,
                  "context": null,
                  "code": "cy.contains('Pick a date').click();\n// Verificar que se abre el popover con el calendario\ncy.get('[role=\"dialog\"]').should('be.visible');",
                  "err": {},
                  "uuid": "99eea901-cdb8-4637-a3eb-a2d144ed9dde",
                  "parentUUID": "dfbbcaa7-8b58-4a91-9932-c30123ae7081",
                  "isHook": false,
                  "skipped": false
                }
              ],
              "suites": [],
              "passes": [
                "f2a2179c-556d-43a0-81b3-427d9f39a778",
                "c58f5d0f-38a8-4aac-9669-955187720388",
                "99eea901-cdb8-4637-a3eb-a2d144ed9dde"
              ],
              "failures": [],
              "pending": [],
              "skipped": [],
              "duration": 5696,
              "root": false,
              "rootEmpty": false,
              "_timeout": 2000
            }
          ],
          "passes": [],
          "failures": [],
          "pending": [],
          "skipped": [],
          "duration": 0,
          "root": false,
          "rootEmpty": false,
          "_timeout": 2000
        }
      ],
      "passes": [],
      "failures": [],
      "pending": [],
      "skipped": [],
      "duration": 0,
      "root": true,
      "rootEmpty": true,
      "_timeout": 2000
    }
  ],
  "meta": {
    "mocha": {
      "version": "7.2.0"
    },
    "mochawesome": {
      "options": {
        "quiet": false,
        "reportFilename": "mochawesome-report",
        "saveHtml": true,
        "saveJson": true,
        "consoleReporter": "spec",
        "useInlineDiffs": false,
        "code": true
      },
      "version": "7.1.4"
    },
    "marge": {
      "options": {
        "reportDir": "cypress/results",
        "overwrite": false,
        "html": true,
        "json": true,
        "timestamp": "mmddyyyy_HHMMss",
        "reportFilename": "mochawesome-report",
        "reportTitle": "Mochawesome Report"
      },
      "version": "6.3.0"
    }
  }
}