{
  "stats": {
    "suites": 10,
    "tests": 33,
    "passes": 29,
    "pending": 0,
    "failures": 4,
    "start": "2025-10-16T23:53:57.223Z",
    "end": "2025-10-16T23:55:13.125Z",
    "duration": 75902,
    "testsRegistered": 33,
    "passPercent": 87.87878787878788,
    "pendingPercent": 0,
    "other": 0,
    "hasOther": false,
    "skipped": 0,
    "hasSkipped": false
  },
  "results": [
    {
      "uuid": "990af55c-c968-4ecf-95dc-2d5eb759df2c",
      "title": "",
      "fullFile": "cypress/e2e/login.cy.ts",
      "file": "cypress/e2e/login.cy.ts",
      "beforeHooks": [],
      "afterHooks": [],
      "tests": [],
      "suites": [
        {
          "uuid": "c890953a-7b78-4218-9c29-8459b6977198",
          "title": "Formulario de Login",
          "fullFile": "",
          "file": "",
          "beforeHooks": [],
          "afterHooks": [],
          "tests": [],
          "suites": [
            {
              "uuid": "0ced56a2-b443-42dd-b78b-8698b0d0fbb3",
              "title": "Renderizado inicial",
              "fullFile": "",
              "file": "",
              "beforeHooks": [],
              "afterHooks": [],
              "tests": [
                {
                  "title": "debe mostrar todos los elementos del formulario",
                  "fullTitle": "Formulario de Login Renderizado inicial debe mostrar todos los elementos del formulario",
                  "timedOut": null,
                  "duration": 1468,
                  "state": "passed",
                  "speed": "fast",
                  "pass": true,
                  "fail": false,
                  "pending": false,
                  "context": null,
                  "code": "cy.contains('Login').should('be.visible');\ncy.get('input[name=\"email\"]').should('be.visible');\ncy.get('input[name=\"password\"]').should('be.visible');\ncy.contains('button', 'Login').should('be.visible');\ncy.contains('Forgot Password?').should('be.visible');\ncy.contains(\"Don't have an account?\").should('be.visible');\ncy.contains('Register').should('be.visible');",
                  "err": {},
                  "uuid": "876e2706-9f23-47ac-8ac5-4a0427be75b9",
                  "parentUUID": "0ced56a2-b443-42dd-b78b-8698b0d0fbb3",
                  "isHook": false,
                  "skipped": false
                },
                {
                  "title": "debe mostrar descripciones de los campos",
                  "fullTitle": "Formulario de Login Renderizado inicial debe mostrar descripciones de los campos",
                  "timedOut": null,
                  "duration": 1001,
                  "state": "passed",
                  "speed": "fast",
                  "pass": true,
                  "fail": false,
                  "pending": false,
                  "context": null,
                  "code": "cy.contains('Your email address').should('be.visible');\ncy.contains('Your password').should('be.visible');",
                  "err": {},
                  "uuid": "63513d7c-ade4-42fb-8d31-92d03cf72877",
                  "parentUUID": "0ced56a2-b443-42dd-b78b-8698b0d0fbb3",
                  "isHook": false,
                  "skipped": false
                },
                {
                  "title": "debe mostrar el botón de toggle para la contraseña",
                  "fullTitle": "Formulario de Login Renderizado inicial debe mostrar el botón de toggle para la contraseña",
                  "timedOut": null,
                  "duration": 894,
                  "state": "passed",
                  "speed": "fast",
                  "pass": true,
                  "fail": false,
                  "pending": false,
                  "context": null,
                  "code": "cy.get('input[name=\"password\"]').parent().find('button[type=\"button\"]').should('exist');",
                  "err": {},
                  "uuid": "82fddab5-4211-49a8-9218-6d3a557f42e1",
                  "parentUUID": "0ced56a2-b443-42dd-b78b-8698b0d0fbb3",
                  "isHook": false,
                  "skipped": false
                }
              ],
              "suites": [],
              "passes": [
                "876e2706-9f23-47ac-8ac5-4a0427be75b9",
                "63513d7c-ade4-42fb-8d31-92d03cf72877",
                "82fddab5-4211-49a8-9218-6d3a557f42e1"
              ],
              "failures": [],
              "pending": [],
              "skipped": [],
              "duration": 3363,
              "root": false,
              "rootEmpty": false,
              "_timeout": 2000
            },
            {
              "uuid": "adccbc22-d1f2-464a-a691-862916b3aaab",
              "title": "Validación de campos",
              "fullFile": "",
              "file": "",
              "beforeHooks": [],
              "afterHooks": [],
              "tests": [
                {
                  "title": "debe validar que el email está vacío",
                  "fullTitle": "Formulario de Login Validación de campos debe validar que el email está vacío",
                  "timedOut": null,
                  "duration": 1375,
                  "state": "passed",
                  "speed": "fast",
                  "pass": true,
                  "fail": false,
                  "pending": false,
                  "context": null,
                  "code": "cy.get('input[name=\"password\"]').type('password123');\ncy.contains('button', 'Login').click();\ncy.get('input[name=\"email\"]').should('have.attr', 'aria-invalid', 'true');",
                  "err": {},
                  "uuid": "586530f5-7b2a-4584-9ffb-df9ab4e78f07",
                  "parentUUID": "adccbc22-d1f2-464a-a691-862916b3aaab",
                  "isHook": false,
                  "skipped": false
                },
                {
                  "title": "debe validar que el email no es válido",
                  "fullTitle": "Formulario de Login Validación de campos debe validar que el email no es válido",
                  "timedOut": null,
                  "duration": 1751,
                  "state": "passed",
                  "speed": "fast",
                  "pass": true,
                  "fail": false,
                  "pending": false,
                  "context": null,
                  "code": "cy.get('input[name=\"email\"]').type('invalid-email');\ncy.get('input[name=\"password\"]').type('password123');\ncy.contains('button', 'Login').click();\ncy.get('input[name=\"email\"]').should('have.attr', 'aria-invalid', 'true');\ncy.contains('Please enter a valid email address').should('be.visible');",
                  "err": {},
                  "uuid": "f3fdbbd3-54a2-4a84-a797-e1f9197f96ef",
                  "parentUUID": "adccbc22-d1f2-464a-a691-862916b3aaab",
                  "isHook": false,
                  "skipped": false
                },
                {
                  "title": "debe aceptar cualquier contraseña no vacía",
                  "fullTitle": "Formulario de Login Validación de campos debe aceptar cualquier contraseña no vacía",
                  "timedOut": null,
                  "duration": 1593,
                  "state": "passed",
                  "speed": "fast",
                  "pass": true,
                  "fail": false,
                  "pending": false,
                  "context": null,
                  "code": "cy.get('input[name=\"email\"]').type('test@example.com');\ncy.get('input[name=\"password\"]').type('abc');\ncy.contains('button', 'Login').click();\n// No debe haber errores de validación en el campo\ncy.get('input[name=\"password\"]').should('not.have.attr', 'aria-invalid', 'true');",
                  "err": {},
                  "uuid": "c8fde632-a1a0-4175-aada-d6a6811e204d",
                  "parentUUID": "adccbc22-d1f2-464a-a691-862916b3aaab",
                  "isHook": false,
                  "skipped": false
                }
              ],
              "suites": [],
              "passes": [
                "586530f5-7b2a-4584-9ffb-df9ab4e78f07",
                "f3fdbbd3-54a2-4a84-a797-e1f9197f96ef",
                "c8fde632-a1a0-4175-aada-d6a6811e204d"
              ],
              "failures": [],
              "pending": [],
              "skipped": [],
              "duration": 4719,
              "root": false,
              "rootEmpty": false,
              "_timeout": 2000
            },
            {
              "uuid": "8cb45bc4-88b6-41d9-9fbc-eacf34979252",
              "title": "Funcionalidad de toggle de contraseña",
              "fullFile": "",
              "file": "",
              "beforeHooks": [],
              "afterHooks": [],
              "tests": [
                {
                  "title": "debe mostrar/ocultar la contraseña al hacer clic en el botón",
                  "fullTitle": "Formulario de Login Funcionalidad de toggle de contraseña debe mostrar/ocultar la contraseña al hacer clic en el botón",
                  "timedOut": null,
                  "duration": 1532,
                  "state": "passed",
                  "speed": "fast",
                  "pass": true,
                  "fail": false,
                  "pending": false,
                  "context": null,
                  "code": "cy.get('input[name=\"password\"]').type('TestPassword123!');\n// Verificar que inicialmente es tipo password\ncy.get('input[name=\"password\"]').should('have.attr', 'type', 'password');\n// Hacer clic en el botón de toggle\ncy.get('input[name=\"password\"]').parent().find('button[type=\"button\"]').click();\n// Verificar que ahora es tipo text\ncy.get('input[name=\"password\"]').should('have.attr', 'type', 'text');\n// Hacer clic nuevamente para ocultar\ncy.get('input[name=\"password\"]').parent().find('button[type=\"button\"]').click();\n// Verificar que vuelve a ser tipo password\ncy.get('input[name=\"password\"]').should('have.attr', 'type', 'password');",
                  "err": {},
                  "uuid": "37763275-4996-450f-a424-3468c1a55a10",
                  "parentUUID": "8cb45bc4-88b6-41d9-9fbc-eacf34979252",
                  "isHook": false,
                  "skipped": false
                },
                {
                  "title": "debe mostrar el icono correcto según el estado",
                  "fullTitle": "Formulario de Login Funcionalidad de toggle de contraseña debe mostrar el icono correcto según el estado",
                  "timedOut": null,
                  "duration": 1499,
                  "state": "passed",
                  "speed": "fast",
                  "pass": true,
                  "fail": false,
                  "pending": false,
                  "context": null,
                  "code": "cy.get('input[name=\"password\"]').type('TestPassword123!');\n// Estado inicial debe mostrar Eye icon (para mostrar)\ncy.get('input[name=\"password\"]').parent().find('button[type=\"button\"]').click();\n// Después del clic debe mostrar EyeOff icon (para ocultar)\ncy.get('input[name=\"password\"]').parent().find('button[type=\"button\"]').click();",
                  "err": {},
                  "uuid": "7254059e-f74c-43d5-981f-762493b0909a",
                  "parentUUID": "8cb45bc4-88b6-41d9-9fbc-eacf34979252",
                  "isHook": false,
                  "skipped": false
                }
              ],
              "suites": [],
              "passes": [
                "37763275-4996-450f-a424-3468c1a55a10",
                "7254059e-f74c-43d5-981f-762493b0909a"
              ],
              "failures": [],
              "pending": [],
              "skipped": [],
              "duration": 3031,
              "root": false,
              "rootEmpty": false,
              "_timeout": 2000
            },
            {
              "uuid": "d92bcb11-93b0-4d6f-97bb-92e8910d3d83",
              "title": "Envío del formulario",
              "fullFile": "",
              "file": "",
              "beforeHooks": [],
              "afterHooks": [],
              "tests": [
                {
                  "title": "debe enviar el formulario con credenciales válidas",
                  "fullTitle": "Formulario de Login Envío del formulario debe enviar el formulario con credenciales válidas",
                  "timedOut": null,
                  "duration": 4668,
                  "state": "passed",
                  "speed": "fast",
                  "pass": true,
                  "fail": false,
                  "pending": false,
                  "context": null,
                  "code": "cy.intercept('POST', '**/auth/login', {\n    statusCode: 200,\n    body: {\n        message: 'Login successful',\n        token: 'fake-jwt-token',\n        user: {\n            id: 1,\n            email: 'test@example.com',\n            name: 'Test User',\n        },\n    },\n}).as('loginRequest');\ncy.get('input[name=\"email\"]').type('test@example.com');\ncy.get('input[name=\"password\"]').type('ValidPass123!');\ncy.contains('button', 'Login').click();\ncy.wait('@loginRequest');\n// Verificar que se muestra el alert de éxito\ncy.contains('Login successful!').should('be.visible');\n// Verificar que se redirige a /home\ncy.url().should('include', '/home', { timeout: 3000 });",
                  "err": {},
                  "uuid": "6002879e-af2b-4ef3-ba77-743328aa199f",
                  "parentUUID": "d92bcb11-93b0-4d6f-97bb-92e8910d3d83",
                  "isHook": false,
                  "skipped": false
                },
                {
                  "title": "debe mostrar error cuando las credenciales son incorrectas",
                  "fullTitle": "Formulario de Login Envío del formulario debe mostrar error cuando las credenciales son incorrectas",
                  "timedOut": null,
                  "duration": 6687,
                  "state": "failed",
                  "speed": null,
                  "pass": false,
                  "fail": true,
                  "pending": false,
                  "context": null,
                  "code": "cy.intercept('POST', '**/auth/login', {\n    statusCode: 401,\n    body: {\n        message: 'Invalid email or password',\n    },\n}).as('loginRequest');\ncy.get('input[name=\"email\"]').type('test@example.com');\ncy.get('input[name=\"password\"]').type('WrongPass123!');\ncy.contains('button', 'Login').click();\ncy.wait('@loginRequest');\n// El componente muestra el título del AlertTitle\ncy.contains('Failed to login').should('be.visible');\ncy.contains('Invalid email or password').should('be.visible');\n// Verificar que NO se redirige\ncy.url().should('include', '/login');",
                  "err": {
                    "message": "AssertionError: Timed out retrying after 4000ms: Expected to find content: 'Failed to login' but never did.",
                    "estack": "AssertionError: Timed out retrying after 4000ms: Expected to find content: 'Failed to login' but never did.\n    at Context.eval (webpack://my-ecommerce/./cypress/e2e/login.cy.ts:125:37)",
                    "diff": null
                  },
                  "uuid": "18996c27-7e8a-4866-bef3-87507df2dc75",
                  "parentUUID": "d92bcb11-93b0-4d6f-97bb-92e8910d3d83",
                  "isHook": false,
                  "skipped": false
                },
                {
                  "title": "debe mostrar error cuando el usuario no existe",
                  "fullTitle": "Formulario de Login Envío del formulario debe mostrar error cuando el usuario no existe",
                  "timedOut": null,
                  "duration": 2066,
                  "state": "passed",
                  "speed": "fast",
                  "pass": true,
                  "fail": false,
                  "pending": false,
                  "context": null,
                  "code": "cy.intercept('POST', '**/auth/login', {\n    statusCode: 404,\n    body: {\n        message: 'User not found',\n    },\n}).as('loginRequest');\ncy.get('input[name=\"email\"]').type('nonexistent@example.com');\ncy.get('input[name=\"password\"]').type('ValidPass123!');\ncy.contains('button', 'Login').click();\ncy.wait('@loginRequest');\ncy.contains('Failed to login').should('be.visible');\ncy.contains('User not found').should('be.visible');",
                  "err": {},
                  "uuid": "04763b2d-4ee9-46f7-8d8a-a6a81e7ebed5",
                  "parentUUID": "d92bcb11-93b0-4d6f-97bb-92e8910d3d83",
                  "isHook": false,
                  "skipped": false
                },
                {
                  "title": "debe mostrar el loader mientras se procesa el login",
                  "fullTitle": "Formulario de Login Envío del formulario debe mostrar el loader mientras se procesa el login",
                  "timedOut": null,
                  "duration": 1713,
                  "state": "passed",
                  "speed": "fast",
                  "pass": true,
                  "fail": false,
                  "pending": false,
                  "context": null,
                  "code": "cy.intercept('POST', '**/auth/login', (req) => {\n    req.reply({\n        delay: 1000,\n        statusCode: 200,\n        body: {\n            message: 'Login successful',\n            token: 'fake-jwt-token',\n        },\n    });\n}).as('loginRequest');\ncy.get('input[name=\"email\"]').type('test@example.com');\ncy.get('input[name=\"password\"]').type('ValidPass123!');\ncy.contains('button', 'Login').click();\n// Verificar que se muestra el loader inmediatamente\ncy.contains('button', 'Logging in...').should('be.visible');\ncy.get('svg.animate-spin').should('be.visible');\n// Verificar que el botón está deshabilitado\ncy.contains('button', 'Logging in...').should('be.disabled');",
                  "err": {},
                  "uuid": "9a48e41d-1e9b-499b-ab5a-a006accee0e2",
                  "parentUUID": "d92bcb11-93b0-4d6f-97bb-92e8910d3d83",
                  "isHook": false,
                  "skipped": false
                },
                {
                  "title": "debe deshabilitar los campos mientras se procesa el login",
                  "fullTitle": "Formulario de Login Envío del formulario debe deshabilitar los campos mientras se procesa el login",
                  "timedOut": null,
                  "duration": 1693,
                  "state": "passed",
                  "speed": "fast",
                  "pass": true,
                  "fail": false,
                  "pending": false,
                  "context": null,
                  "code": "cy.intercept('POST', '**/auth/login', (req) => {\n    req.reply({\n        delay: 1000,\n        statusCode: 200,\n        body: {\n            message: 'Login successful',\n            token: 'fake-jwt-token',\n        },\n    });\n}).as('loginRequest');\ncy.get('input[name=\"email\"]').type('test@example.com');\ncy.get('input[name=\"password\"]').type('ValidPass123!');\ncy.contains('button', 'Login').click();\n// Verificar que los campos están deshabilitados mientras carga\ncy.contains('button', 'Logging in...').should('be.visible');\ncy.get('input[name=\"email\"]').should('be.disabled');\ncy.get('input[name=\"password\"]').should('be.disabled');",
                  "err": {},
                  "uuid": "b9043ca4-46b6-4d75-a36c-15199284db87",
                  "parentUUID": "d92bcb11-93b0-4d6f-97bb-92e8910d3d83",
                  "isHook": false,
                  "skipped": false
                },
                {
                  "title": "debe deshabilitar el botón de toggle de contraseña durante el login",
                  "fullTitle": "Formulario de Login Envío del formulario debe deshabilitar el botón de toggle de contraseña durante el login",
                  "timedOut": null,
                  "duration": 1702,
                  "state": "passed",
                  "speed": "fast",
                  "pass": true,
                  "fail": false,
                  "pending": false,
                  "context": null,
                  "code": "cy.intercept('POST', '**/auth/login', (req) => {\n    req.reply({\n        delay: 1000,\n        statusCode: 200,\n        body: {\n            message: 'Login successful',\n            token: 'fake-jwt-token',\n        },\n    });\n}).as('loginRequest');\ncy.get('input[name=\"email\"]').type('test@example.com');\ncy.get('input[name=\"password\"]').type('ValidPass123!');\ncy.contains('button', 'Login').click();\n// Verificar que el botón de toggle está deshabilitado\ncy.get('input[name=\"password\"]').parent().find('button[type=\"button\"]').should('be.disabled');",
                  "err": {},
                  "uuid": "2bb1a1f4-cab3-48aa-95ba-b78756fa187f",
                  "parentUUID": "d92bcb11-93b0-4d6f-97bb-92e8910d3d83",
                  "isHook": false,
                  "skipped": false
                },
                {
                  "title": "debe ocultar el alert de error después de 5 segundos",
                  "fullTitle": "Formulario de Login Envío del formulario debe ocultar el alert de error después de 5 segundos",
                  "timedOut": null,
                  "duration": 6544,
                  "state": "failed",
                  "speed": null,
                  "pass": false,
                  "fail": true,
                  "pending": false,
                  "context": null,
                  "code": "cy.intercept('POST', '**/auth/login', {\n    statusCode: 401,\n    body: {\n        message: 'Invalid credentials',\n    },\n}).as('loginRequest');\ncy.get('input[name=\"email\"]').type('test@example.com');\ncy.get('input[name=\"password\"]').type('WrongPass123!');\ncy.contains('button', 'Login').click();\ncy.wait('@loginRequest');\n// Verificar que se muestra el alert\ncy.contains('Failed to login').should('be.visible');\n// Esperar 5 segundos y verificar que desaparece\ncy.wait(5000);\ncy.contains('Failed to login').should('not.exist');",
                  "err": {
                    "message": "AssertionError: Timed out retrying after 4000ms: Expected to find content: 'Failed to login' but never did.",
                    "estack": "AssertionError: Timed out retrying after 4000ms: Expected to find content: 'Failed to login' but never did.\n    at Context.eval (webpack://my-ecommerce/./cypress/e2e/login.cy.ts:230:37)",
                    "diff": null
                  },
                  "uuid": "155daab3-74af-479d-bfb8-affece951bc0",
                  "parentUUID": "d92bcb11-93b0-4d6f-97bb-92e8910d3d83",
                  "isHook": false,
                  "skipped": false
                },
                {
                  "title": "debe resetear el formulario después de un login exitoso",
                  "fullTitle": "Formulario de Login Envío del formulario debe resetear el formulario después de un login exitoso",
                  "timedOut": null,
                  "duration": 1706,
                  "state": "passed",
                  "speed": "fast",
                  "pass": true,
                  "fail": false,
                  "pending": false,
                  "context": null,
                  "code": "cy.intercept('POST', '**/auth/login', {\n    statusCode: 200,\n    body: {\n        message: 'Login successful',\n        token: 'fake-jwt-token',\n    },\n}).as('loginRequest');\ncy.get('input[name=\"email\"]').type('test@example.com');\ncy.get('input[name=\"password\"]').type('ValidPass123!');\ncy.contains('button', 'Login').click();\ncy.wait('@loginRequest');\n// Los campos deberían estar vacíos después del reset\ncy.get('input[name=\"email\"]').should('have.value', '');\ncy.get('input[name=\"password\"]').should('have.value', '');",
                  "err": {},
                  "uuid": "30f56d5c-fee5-4a4c-be57-ac92577aa194",
                  "parentUUID": "d92bcb11-93b0-4d6f-97bb-92e8910d3d83",
                  "isHook": false,
                  "skipped": false
                },
                {
                  "title": "debe mostrar el alert de éxito con el mensaje del servidor",
                  "fullTitle": "Formulario de Login Envío del formulario debe mostrar el alert de éxito con el mensaje del servidor",
                  "timedOut": null,
                  "duration": 2321,
                  "state": "passed",
                  "speed": "fast",
                  "pass": true,
                  "fail": false,
                  "pending": false,
                  "context": null,
                  "code": "cy.intercept('POST', '**/auth/login', {\n    statusCode: 200,\n    body: {\n        message: 'Welcome back, user!',\n        token: 'fake-jwt-token',\n    },\n}).as('loginRequest');\ncy.get('input[name=\"email\"]').type('test@example.com');\ncy.get('input[name=\"password\"]').type('ValidPass123!');\ncy.contains('button', 'Login').click();\ncy.wait('@loginRequest');\ncy.contains('Welcome back, user!').should('be.visible');",
                  "err": {},
                  "uuid": "4160c889-134e-4bbb-8ee7-409efd983122",
                  "parentUUID": "d92bcb11-93b0-4d6f-97bb-92e8910d3d83",
                  "isHook": false,
                  "skipped": false
                },
                {
                  "title": "debe mostrar mensaje por defecto si el servidor no envía mensaje",
                  "fullTitle": "Formulario de Login Envío del formulario debe mostrar mensaje por defecto si el servidor no envía mensaje",
                  "timedOut": null,
                  "duration": 1938,
                  "state": "passed",
                  "speed": "fast",
                  "pass": true,
                  "fail": false,
                  "pending": false,
                  "context": null,
                  "code": "cy.intercept('POST', '**/auth/login', {\n    statusCode: 200,\n    body: {\n        token: 'fake-jwt-token',\n    },\n}).as('loginRequest');\ncy.get('input[name=\"email\"]').type('test@example.com');\ncy.get('input[name=\"password\"]').type('ValidPass123!');\ncy.contains('button', 'Login').click();\ncy.wait('@loginRequest');\ncy.contains('Login successful!').should('be.visible');",
                  "err": {},
                  "uuid": "d7077be9-96db-4de6-8c41-2ed231ef8691",
                  "parentUUID": "d92bcb11-93b0-4d6f-97bb-92e8910d3d83",
                  "isHook": false,
                  "skipped": false
                }
              ],
              "suites": [],
              "passes": [
                "6002879e-af2b-4ef3-ba77-743328aa199f",
                "04763b2d-4ee9-46f7-8d8a-a6a81e7ebed5",
                "9a48e41d-1e9b-499b-ab5a-a006accee0e2",
                "b9043ca4-46b6-4d75-a36c-15199284db87",
                "2bb1a1f4-cab3-48aa-95ba-b78756fa187f",
                "30f56d5c-fee5-4a4c-be57-ac92577aa194",
                "4160c889-134e-4bbb-8ee7-409efd983122",
                "d7077be9-96db-4de6-8c41-2ed231ef8691"
              ],
              "failures": [
                "18996c27-7e8a-4866-bef3-87507df2dc75",
                "155daab3-74af-479d-bfb8-affece951bc0"
              ],
              "pending": [],
              "skipped": [],
              "duration": 31038,
              "root": false,
              "rootEmpty": false,
              "_timeout": 2000
            },
            {
              "uuid": "b5a9e7b5-3879-4103-bcff-41705e011f75",
              "title": "Navegación",
              "fullFile": "",
              "file": "",
              "beforeHooks": [],
              "afterHooks": [],
              "tests": [
                {
                  "title": "debe navegar a la página de registro al hacer clic en \"Register\"",
                  "fullTitle": "Formulario de Login Navegación debe navegar a la página de registro al hacer clic en \"Register\"",
                  "timedOut": null,
                  "duration": 1316,
                  "state": "passed",
                  "speed": "fast",
                  "pass": true,
                  "fail": false,
                  "pending": false,
                  "context": null,
                  "code": "cy.contains('Register').click();\ncy.url().should('include', '/register');",
                  "err": {},
                  "uuid": "5b72462a-2dbd-49a2-b79d-9afdf19de360",
                  "parentUUID": "b5a9e7b5-3879-4103-bcff-41705e011f75",
                  "isHook": false,
                  "skipped": false
                },
                {
                  "title": "debe navegar a la página de recuperación de contraseña",
                  "fullTitle": "Formulario de Login Navegación debe navegar a la página de recuperación de contraseña",
                  "timedOut": null,
                  "duration": 1251,
                  "state": "passed",
                  "speed": "fast",
                  "pass": true,
                  "fail": false,
                  "pending": false,
                  "context": null,
                  "code": "cy.contains('Reset Password').click();\ncy.url().should('include', '/forgotPassword');",
                  "err": {},
                  "uuid": "f2da1a72-bcab-423e-a721-5b68cead5f8b",
                  "parentUUID": "b5a9e7b5-3879-4103-bcff-41705e011f75",
                  "isHook": false,
                  "skipped": false
                }
              ],
              "suites": [],
              "passes": [
                "5b72462a-2dbd-49a2-b79d-9afdf19de360",
                "f2da1a72-bcab-423e-a721-5b68cead5f8b"
              ],
              "failures": [],
              "pending": [],
              "skipped": [],
              "duration": 2567,
              "root": false,
              "rootEmpty": false,
              "_timeout": 2000
            },
            {
              "uuid": "6557df8f-aebf-40c8-8350-c62470102b82",
              "title": "Manejo de errores del servidor",
              "fullFile": "",
              "file": "",
              "beforeHooks": [],
              "afterHooks": [],
              "tests": [
                {
                  "title": "debe manejar error 500 del servidor",
                  "fullTitle": "Formulario de Login Manejo de errores del servidor debe manejar error 500 del servidor",
                  "timedOut": null,
                  "duration": 2241,
                  "state": "passed",
                  "speed": "fast",
                  "pass": true,
                  "fail": false,
                  "pending": false,
                  "context": null,
                  "code": "cy.intercept('POST', '**/auth/login', {\n    statusCode: 500,\n    body: {\n        message: 'Internal server error',\n    },\n}).as('loginRequest');\ncy.get('input[name=\"email\"]').type('test@example.com');\ncy.get('input[name=\"password\"]').type('ValidPass123!');\ncy.contains('button', 'Login').click();\ncy.wait('@loginRequest');\ncy.contains('Failed to login').should('be.visible');\ncy.contains('Internal server error').should('be.visible');",
                  "err": {},
                  "uuid": "7f8f035a-08ad-46ec-8195-4a7a498a6fbe",
                  "parentUUID": "6557df8f-aebf-40c8-8350-c62470102b82",
                  "isHook": false,
                  "skipped": false
                },
                {
                  "title": "debe manejar error de red",
                  "fullTitle": "Formulario de Login Manejo de errores del servidor debe manejar error de red",
                  "timedOut": null,
                  "duration": 2734,
                  "state": "passed",
                  "speed": "fast",
                  "pass": true,
                  "fail": false,
                  "pending": false,
                  "context": null,
                  "code": "cy.intercept('POST', '**/auth/login', {\n    forceNetworkError: true,\n}).as('loginRequest');\ncy.get('input[name=\"email\"]').type('test@example.com');\ncy.get('input[name=\"password\"]').type('ValidPass123!');\ncy.contains('button', 'Login').click();\ncy.wait(1000);\ncy.contains('Failed to login').should('be.visible');",
                  "err": {},
                  "uuid": "e66f75aa-2a87-4c8b-8201-81cf9a13dc02",
                  "parentUUID": "6557df8f-aebf-40c8-8350-c62470102b82",
                  "isHook": false,
                  "skipped": false
                },
                {
                  "title": "debe manejar respuesta sin mensaje de error",
                  "fullTitle": "Formulario de Login Manejo de errores del servidor debe manejar respuesta sin mensaje de error",
                  "timedOut": null,
                  "duration": 6732,
                  "state": "failed",
                  "speed": null,
                  "pass": false,
                  "fail": true,
                  "pending": false,
                  "context": null,
                  "code": "cy.intercept('POST', '**/auth/login', {\n    statusCode: 401,\n    body: {},\n}).as('loginRequest');\ncy.get('input[name=\"email\"]').type('test@example.com');\ncy.get('input[name=\"password\"]').type('WrongPass123!');\ncy.contains('button', 'Login').click();\ncy.wait('@loginRequest');\ncy.contains('Failed to login').should('be.visible');\ncy.contains('An unexpected error occurred').should('be.visible');",
                  "err": {
                    "message": "AssertionError: Timed out retrying after 4000ms: Expected to find content: 'Failed to login' but never did.",
                    "estack": "AssertionError: Timed out retrying after 4000ms: Expected to find content: 'Failed to login' but never did.\n    at Context.eval (webpack://my-ecommerce/./cypress/e2e/login.cy.ts:345:37)",
                    "diff": null
                  },
                  "uuid": "b1693192-99ef-4331-8a5c-5db824ac971b",
                  "parentUUID": "6557df8f-aebf-40c8-8350-c62470102b82",
                  "isHook": false,
                  "skipped": false
                },
                {
                  "title": "debe manejar timeout de la petición",
                  "fullTitle": "Formulario de Login Manejo de errores del servidor debe manejar timeout de la petición",
                  "timedOut": null,
                  "duration": 1791,
                  "state": "passed",
                  "speed": "fast",
                  "pass": true,
                  "fail": false,
                  "pending": false,
                  "context": null,
                  "code": "cy.intercept('POST', '**/auth/login', (req) => {\n    req.reply({\n        delay: 30000,\n        statusCode: 200,\n        body: {},\n    });\n}).as('loginRequest');\ncy.get('input[name=\"email\"]').type('test@example.com');\ncy.get('input[name=\"password\"]').type('ValidPass123!');\ncy.contains('button', 'Login').click();\ncy.contains('button', 'Logging in...').should('be.visible');",
                  "err": {},
                  "uuid": "6061694d-557b-4052-b144-5216f152a242",
                  "parentUUID": "6557df8f-aebf-40c8-8350-c62470102b82",
                  "isHook": false,
                  "skipped": false
                }
              ],
              "suites": [],
              "passes": [
                "7f8f035a-08ad-46ec-8195-4a7a498a6fbe",
                "e66f75aa-2a87-4c8b-8201-81cf9a13dc02",
                "6061694d-557b-4052-b144-5216f152a242"
              ],
              "failures": [
                "b1693192-99ef-4331-8a5c-5db824ac971b"
              ],
              "pending": [],
              "skipped": [],
              "duration": 13498,
              "root": false,
              "rootEmpty": false,
              "_timeout": 2000
            },
            {
              "uuid": "0e49c9ec-3246-4a2e-aa04-7684fe4c689d",
              "title": "Accesibilidad",
              "fullFile": "",
              "file": "",
              "beforeHooks": [],
              "afterHooks": [],
              "tests": [
                {
                  "title": "debe permitir navegar con el teclado entre campos",
                  "fullTitle": "Formulario de Login Accesibilidad debe permitir navegar con el teclado entre campos",
                  "timedOut": null,
                  "duration": 1344,
                  "state": "passed",
                  "speed": "fast",
                  "pass": true,
                  "fail": false,
                  "pending": false,
                  "context": null,
                  "code": "cy.get('input[name=\"email\"]').type('test@example.com');\ncy.get('input[name=\"email\"]').focus();\ncy.realPress('Tab');\ncy.focused().should('have.attr', 'name', 'password');",
                  "err": {},
                  "uuid": "27977a60-89d6-4a60-b567-e1e666425a25",
                  "parentUUID": "0e49c9ec-3246-4a2e-aa04-7684fe4c689d",
                  "isHook": false,
                  "skipped": false
                },
                {
                  "title": "debe tener labels asociados a los inputs",
                  "fullTitle": "Formulario de Login Accesibilidad debe tener labels asociados a los inputs",
                  "timedOut": null,
                  "duration": 849,
                  "state": "passed",
                  "speed": "fast",
                  "pass": true,
                  "fail": false,
                  "pending": false,
                  "context": null,
                  "code": "cy.get('label').contains('Email').should('exist');\ncy.get('label').contains('Password').should('exist');",
                  "err": {},
                  "uuid": "26eeaa62-6cdf-4e2a-bcc5-ef03c4f321e6",
                  "parentUUID": "0e49c9ec-3246-4a2e-aa04-7684fe4c689d",
                  "isHook": false,
                  "skipped": false
                },
                {
                  "title": "debe tener placeholder en los campos",
                  "fullTitle": "Formulario de Login Accesibilidad debe tener placeholder en los campos",
                  "timedOut": null,
                  "duration": 938,
                  "state": "passed",
                  "speed": "fast",
                  "pass": true,
                  "fail": false,
                  "pending": false,
                  "context": null,
                  "code": "cy.get('input[name=\"email\"]').should('have.attr', 'placeholder', 'name@example.com');\ncy.get('input[name=\"password\"]').should('have.attr', 'placeholder', '••••••••');",
                  "err": {},
                  "uuid": "acea80e0-393e-4694-b048-7076f70f7b91",
                  "parentUUID": "0e49c9ec-3246-4a2e-aa04-7684fe4c689d",
                  "isHook": false,
                  "skipped": false
                },
                {
                  "title": "debe tener autocomplete en el campo de contraseña",
                  "fullTitle": "Formulario de Login Accesibilidad debe tener autocomplete en el campo de contraseña",
                  "timedOut": null,
                  "duration": 817,
                  "state": "passed",
                  "speed": "fast",
                  "pass": true,
                  "fail": false,
                  "pending": false,
                  "context": null,
                  "code": "cy.get('input[name=\"password\"]').should('have.attr', 'autocomplete', 'current-password');",
                  "err": {},
                  "uuid": "9f50e116-2fc3-42d6-835c-fcb976364bab",
                  "parentUUID": "0e49c9ec-3246-4a2e-aa04-7684fe4c689d",
                  "isHook": false,
                  "skipped": false
                }
              ],
              "suites": [],
              "passes": [
                "27977a60-89d6-4a60-b567-e1e666425a25",
                "26eeaa62-6cdf-4e2a-bcc5-ef03c4f321e6",
                "acea80e0-393e-4694-b048-7076f70f7b91",
                "9f50e116-2fc3-42d6-835c-fcb976364bab"
              ],
              "failures": [],
              "pending": [],
              "skipped": [],
              "duration": 3948,
              "root": false,
              "rootEmpty": false,
              "_timeout": 2000
            },
            {
              "uuid": "e5d5bebb-6b96-43a6-93d1-bcbb3a6248d9",
              "title": "Animaciones de alerts",
              "fullFile": "",
              "file": "",
              "beforeHooks": [],
              "afterHooks": [],
              "tests": [
                {
                  "title": "debe mostrar el alert de éxito con icono CheckCircle2",
                  "fullTitle": "Formulario de Login Animaciones de alerts debe mostrar el alert de éxito con icono CheckCircle2",
                  "timedOut": null,
                  "duration": 1968,
                  "state": "passed",
                  "speed": "fast",
                  "pass": true,
                  "fail": false,
                  "pending": false,
                  "context": null,
                  "code": "cy.intercept('POST', '**/auth/login', {\n    statusCode: 200,\n    body: {\n        message: 'Login successful',\n        token: 'fake-jwt-token',\n    },\n}).as('loginRequest');\ncy.get('input[name=\"email\"]').type('test@example.com');\ncy.get('input[name=\"password\"]').type('ValidPass123!');\ncy.contains('button', 'Login').click();\ncy.wait('@loginRequest');\n// Verificar componentes del alert de éxito\ncy.contains('Login successful!').parent().parent().within(() => {\n    cy.get('svg').should('exist'); // CheckCircle2 icon\n    cy.contains('Login successful!').should('be.visible');\n});",
                  "err": {},
                  "uuid": "c998edd3-1f5b-42b5-a124-e6ad54076d56",
                  "parentUUID": "e5d5bebb-6b96-43a6-93d1-bcbb3a6248d9",
                  "isHook": false,
                  "skipped": false
                },
                {
                  "title": "debe mostrar el alert de error con icono XCircle",
                  "fullTitle": "Formulario de Login Animaciones de alerts debe mostrar el alert de error con icono XCircle",
                  "timedOut": null,
                  "duration": 6691,
                  "state": "failed",
                  "speed": null,
                  "pass": false,
                  "fail": true,
                  "pending": false,
                  "context": null,
                  "code": "cy.intercept('POST', '**/auth/login', {\n    statusCode: 401,\n    body: {\n        message: 'Invalid credentials',\n    },\n}).as('loginRequest');\ncy.get('input[name=\"email\"]').type('test@example.com');\ncy.get('input[name=\"password\"]').type('WrongPass!');\ncy.contains('button', 'Login').click();\ncy.wait('@loginRequest');\n// Verificar componentes del alert de error\ncy.contains('Failed to login').parent().parent().within(() => {\n    cy.get('svg').should('exist'); // XCircle icon\n    cy.contains('Failed to login').should('be.visible');\n});",
                  "err": {
                    "message": "AssertionError: Timed out retrying after 4000ms: Expected to find content: 'Failed to login' but never did.",
                    "estack": "AssertionError: Timed out retrying after 4000ms: Expected to find content: 'Failed to login' but never did.\n    at Context.eval (webpack://my-ecommerce/./cypress/e2e/login.cy.ts:427:9)",
                    "diff": null
                  },
                  "uuid": "e9f84bb9-5aac-4a1e-be54-0aa87b345742",
                  "parentUUID": "e5d5bebb-6b96-43a6-93d1-bcbb3a6248d9",
                  "isHook": false,
                  "skipped": false
                }
              ],
              "suites": [],
              "passes": [
                "c998edd3-1f5b-42b5-a124-e6ad54076d56"
              ],
              "failures": [
                "e9f84bb9-5aac-4a1e-be54-0aa87b345742"
              ],
              "pending": [],
              "skipped": [],
              "duration": 8659,
              "root": false,
              "rootEmpty": false,
              "_timeout": 2000
            },
            {
              "uuid": "47aeacfe-c5a7-4009-9541-3cf032d85053",
              "title": "Layout y estructura",
              "fullFile": "",
              "file": "",
              "beforeHooks": [],
              "afterHooks": [],
              "tests": [
                {
                  "title": "debe renderizar el Card correctamente",
                  "fullTitle": "Formulario de Login Layout y estructura debe renderizar el Card correctamente",
                  "timedOut": null,
                  "duration": 910,
                  "state": "passed",
                  "speed": "fast",
                  "pass": true,
                  "fail": false,
                  "pending": false,
                  "context": null,
                  "code": "// Usar un selector más específico que encuentre solo un card\ncy.get('div[class*=\"max-w-md\"]').within(() => {\n    cy.contains('Login').should('exist');\n});",
                  "err": {},
                  "uuid": "074ea486-139f-4c38-85a5-679034e72976",
                  "parentUUID": "47aeacfe-c5a7-4009-9541-3cf032d85053",
                  "isHook": false,
                  "skipped": false
                },
                {
                  "title": "debe tener el ancho máximo correcto",
                  "fullTitle": "Formulario de Login Layout y estructura debe tener el ancho máximo correcto",
                  "timedOut": null,
                  "duration": 849,
                  "state": "passed",
                  "speed": "fast",
                  "pass": true,
                  "fail": false,
                  "pending": false,
                  "context": null,
                  "code": "cy.get('[class*=\"max-w-md\"]').should('exist');",
                  "err": {},
                  "uuid": "35c5a251-59fc-4f82-8106-f82d759d1d5c",
                  "parentUUID": "47aeacfe-c5a7-4009-9541-3cf032d85053",
                  "isHook": false,
                  "skipped": false
                },
                {
                  "title": "debe estar centrado en la pantalla",
                  "fullTitle": "Formulario de Login Layout y estructura debe estar centrado en la pantalla",
                  "timedOut": null,
                  "duration": 820,
                  "state": "passed",
                  "speed": "fast",
                  "pass": true,
                  "fail": false,
                  "pending": false,
                  "context": null,
                  "code": "cy.get('[class*=\"min-h-screen\"][class*=\"items-center\"][class*=\"justify-center\"]').should('exist');",
                  "err": {},
                  "uuid": "fb44e975-0098-4d0a-928f-934cc48b38a1",
                  "parentUUID": "47aeacfe-c5a7-4009-9541-3cf032d85053",
                  "isHook": false,
                  "skipped": false
                }
              ],
              "suites": [],
              "passes": [
                "074ea486-139f-4c38-85a5-679034e72976",
                "35c5a251-59fc-4f82-8106-f82d759d1d5c",
                "fb44e975-0098-4d0a-928f-934cc48b38a1"
              ],
              "failures": [],
              "pending": [],
              "skipped": [],
              "duration": 2579,
              "root": false,
              "rootEmpty": false,
              "_timeout": 2000
            }
          ],
          "passes": [],
          "failures": [],
          "pending": [],
          "skipped": [],
          "duration": 0,
          "root": false,
          "rootEmpty": false,
          "_timeout": 2000
        }
      ],
      "passes": [],
      "failures": [],
      "pending": [],
      "skipped": [],
      "duration": 0,
      "root": true,
      "rootEmpty": true,
      "_timeout": 2000
    }
  ],
  "meta": {
    "mocha": {
      "version": "7.2.0"
    },
    "mochawesome": {
      "options": {
        "quiet": false,
        "reportFilename": "mochawesome-report",
        "saveHtml": true,
        "saveJson": true,
        "consoleReporter": "spec",
        "useInlineDiffs": false,
        "code": true
      },
      "version": "7.1.4"
    },
    "marge": {
      "options": {
        "reportDir": "cypress/results",
        "overwrite": false,
        "html": true,
        "json": true,
        "timestamp": "mmddyyyy_HHMMss",
        "reportFilename": "mochawesome-report",
        "reportTitle": "Mochawesome Report"
      },
      "version": "6.3.0"
    }
  }
}